mode: set
fgd-alterra-29/business/badges/usecase.go:13.70,18.2 1 1
fgd-alterra-29/business/badges/usecase.go:20.98,22.16 2 1
fgd-alterra-29/business/badges/usecase.go:26.2,26.19 1 1
fgd-alterra-29/business/badges/usecase.go:22.16,24.3 1 1
fgd-alterra-29/business/badges/usecase.go:29.99,31.16 2 1
fgd-alterra-29/business/badges/usecase.go:35.2,35.19 1 1
fgd-alterra-29/business/badges/usecase.go:31.16,33.3 1 1
fgd-alterra-29/business/categories/usecase.go:13.73,18.2 1 1
fgd-alterra-29/business/categories/usecase.go:20.91,22.16 2 1
fgd-alterra-29/business/categories/usecase.go:26.2,26.20 1 1
fgd-alterra-29/business/categories/usecase.go:22.16,24.3 1 1
fgd-alterra-29/business/categories/usecase.go:29.99,31.16 2 1
fgd-alterra-29/business/categories/usecase.go:35.2,35.20 1 1
fgd-alterra-29/business/categories/usecase.go:31.16,33.3 1 1
fgd-alterra-29/business/categories/usecase.go:38.107,40.16 2 1
fgd-alterra-29/business/categories/usecase.go:44.2,44.20 1 1
fgd-alterra-29/business/categories/usecase.go:40.16,42.3 1 1
fgd-alterra-29/business/comment_likes/usecase.go:15.94,21.2 1 1
fgd-alterra-29/business/comment_likes/usecase.go:23.106,25.21 2 1
fgd-alterra-29/business/comment_likes/usecase.go:29.2,29.25 1 1
fgd-alterra-29/business/comment_likes/usecase.go:38.2,38.41 1 1
fgd-alterra-29/business/comment_likes/usecase.go:47.2,47.40 1 1
fgd-alterra-29/business/comment_likes/usecase.go:56.2,56.22 1 0
fgd-alterra-29/business/comment_likes/usecase.go:25.21,27.3 1 1
fgd-alterra-29/business/comment_likes/usecase.go:29.25,32.17 3 1
fgd-alterra-29/business/comment_likes/usecase.go:35.3,35.23 1 1
fgd-alterra-29/business/comment_likes/usecase.go:32.17,34.4 1 1
fgd-alterra-29/business/comment_likes/usecase.go:38.41,41.17 3 1
fgd-alterra-29/business/comment_likes/usecase.go:44.3,44.23 1 1
fgd-alterra-29/business/comment_likes/usecase.go:41.17,43.4 1 1
fgd-alterra-29/business/comment_likes/usecase.go:47.40,50.17 3 1
fgd-alterra-29/business/comment_likes/usecase.go:53.3,53.23 1 1
fgd-alterra-29/business/comment_likes/usecase.go:50.17,52.4 1 1
fgd-alterra-29/business/comment_report/usecase.go:13.78,18.2 1 1
fgd-alterra-29/business/comment_report/usecase.go:20.123,22.16 2 1
fgd-alterra-29/business/comment_report/usecase.go:26.2,26.20 1 1
fgd-alterra-29/business/comment_report/usecase.go:22.16,24.3 1 1
fgd-alterra-29/business/comment_report/usecase.go:29.93,31.16 2 1
fgd-alterra-29/business/comment_report/usecase.go:35.2,35.20 1 1
fgd-alterra-29/business/comment_report/usecase.go:31.16,33.3 1 1
fgd-alterra-29/business/comment_report/usecase.go:38.105,40.16 2 1
fgd-alterra-29/business/comment_report/usecase.go:44.2,44.20 1 1
fgd-alterra-29/business/comment_report/usecase.go:40.16,42.3 1 1
fgd-alterra-29/business/comment_report/usecase.go:47.88,49.16 2 1
fgd-alterra-29/business/comment_report/usecase.go:53.2,53.20 1 1
fgd-alterra-29/business/comment_report/usecase.go:49.16,51.3 1 1
fgd-alterra-29/business/comment_report/usecase.go:56.98,58.16 2 1
fgd-alterra-29/business/comment_report/usecase.go:62.2,62.20 1 1
fgd-alterra-29/business/comment_report/usecase.go:58.16,60.3 1 1
fgd-alterra-29/business/comments/usecase.go:15.90,21.2 1 1
fgd-alterra-29/business/comments/usecase.go:23.110,25.16 2 1
fgd-alterra-29/business/comments/usecase.go:30.2,30.18 1 1
fgd-alterra-29/business/comments/usecase.go:25.16,28.3 1 1
fgd-alterra-29/business/comments/usecase.go:33.121,35.16 2 1
fgd-alterra-29/business/comments/usecase.go:39.2,39.22 1 1
fgd-alterra-29/business/comments/usecase.go:35.16,37.3 1 1
fgd-alterra-29/business/comments/usecase.go:42.104,44.16 2 1
fgd-alterra-29/business/comments/usecase.go:48.2,48.22 1 1
fgd-alterra-29/business/comments/usecase.go:44.16,46.3 1 1
fgd-alterra-29/business/comments/usecase.go:51.102,53.16 2 1
fgd-alterra-29/business/comments/usecase.go:56.2,56.18 1 1
fgd-alterra-29/business/comments/usecase.go:53.16,55.3 1 1
fgd-alterra-29/business/comments/usecase.go:59.90,61.16 2 1
fgd-alterra-29/business/comments/usecase.go:64.2,64.18 1 1
fgd-alterra-29/business/comments/usecase.go:61.16,63.3 1 1
fgd-alterra-29/business/comments/usecase.go:67.111,70.16 3 1
fgd-alterra-29/business/comments/usecase.go:74.2,74.22 1 1
fgd-alterra-29/business/comments/usecase.go:70.16,72.3 1 1
fgd-alterra-29/business/comments/usecase.go:77.85,79.16 2 1
fgd-alterra-29/business/comments/usecase.go:83.2,83.18 1 1
fgd-alterra-29/business/comments/usecase.go:79.16,81.3 1 1
fgd-alterra-29/business/comments/usecase.go:86.99,88.16 2 1
fgd-alterra-29/business/comments/usecase.go:92.2,92.18 1 1
fgd-alterra-29/business/comments/usecase.go:88.16,90.3 1 1
fgd-alterra-29/business/comments/usecase.go:95.97,97.16 2 1
fgd-alterra-29/business/comments/usecase.go:101.2,101.18 1 1
fgd-alterra-29/business/comments/usecase.go:97.16,99.3 1 1
fgd-alterra-29/business/follows/usecase.go:14.68,19.2 1 1
fgd-alterra-29/business/follows/usecase.go:21.104,24.16 2 1
fgd-alterra-29/business/follows/usecase.go:28.2,28.23 1 1
fgd-alterra-29/business/follows/usecase.go:24.16,26.3 1 1
fgd-alterra-29/business/follows/usecase.go:31.104,34.16 2 1
fgd-alterra-29/business/follows/usecase.go:38.2,38.23 1 1
fgd-alterra-29/business/follows/usecase.go:34.16,36.3 1 1
fgd-alterra-29/business/follows/usecase.go:41.107,43.42 1 1
fgd-alterra-29/business/follows/usecase.go:47.2,48.21 2 1
fgd-alterra-29/business/follows/usecase.go:52.2,52.24 1 1
fgd-alterra-29/business/follows/usecase.go:60.2,60.40 1 1
fgd-alterra-29/business/follows/usecase.go:68.2,68.39 1 1
fgd-alterra-29/business/follows/usecase.go:76.2,76.22 1 0
fgd-alterra-29/business/follows/usecase.go:43.42,45.3 1 1
fgd-alterra-29/business/follows/usecase.go:48.21,50.3 1 1
fgd-alterra-29/business/follows/usecase.go:52.24,54.17 2 1
fgd-alterra-29/business/follows/usecase.go:57.3,57.21 1 1
fgd-alterra-29/business/follows/usecase.go:54.17,56.4 1 1
fgd-alterra-29/business/follows/usecase.go:60.40,62.17 2 1
fgd-alterra-29/business/follows/usecase.go:65.3,65.21 1 1
fgd-alterra-29/business/follows/usecase.go:62.17,64.4 1 1
fgd-alterra-29/business/follows/usecase.go:68.39,70.17 2 1
fgd-alterra-29/business/follows/usecase.go:73.3,73.21 1 1
fgd-alterra-29/business/follows/usecase.go:70.17,72.4 1 1
fgd-alterra-29/business/report_cases/usecase.go:13.75,18.2 1 1
fgd-alterra-29/business/report_cases/usecase.go:20.83,22.16 2 1
fgd-alterra-29/business/report_cases/usecase.go:26.2,26.29 1 1
fgd-alterra-29/business/report_cases/usecase.go:22.16,24.3 1 1
fgd-alterra-29/business/report_cases/usecase.go:29.103,31.16 2 1
fgd-alterra-29/business/report_cases/usecase.go:35.2,35.29 1 1
fgd-alterra-29/business/report_cases/usecase.go:31.16,33.3 1 1
fgd-alterra-29/business/reputations/usecase.go:13.75,18.2 1 1
fgd-alterra-29/business/reputations/usecase.go:20.109,23.16 2 1
fgd-alterra-29/business/reputations/usecase.go:27.2,27.24 1 1
fgd-alterra-29/business/reputations/usecase.go:23.16,25.3 1 1
fgd-alterra-29/business/reputations/usecase.go:30.95,33.16 2 1
fgd-alterra-29/business/reputations/usecase.go:37.2,37.24 1 1
fgd-alterra-29/business/reputations/usecase.go:33.16,35.3 1 1
fgd-alterra-29/business/thread_likes/usecase.go:15.93,21.2 1 1
fgd-alterra-29/business/thread_likes/usecase.go:23.105,25.21 2 1
fgd-alterra-29/business/thread_likes/usecase.go:29.2,29.24 1 1
fgd-alterra-29/business/thread_likes/usecase.go:38.2,38.40 1 1
fgd-alterra-29/business/thread_likes/usecase.go:47.2,47.39 1 1
fgd-alterra-29/business/thread_likes/usecase.go:56.2,56.22 1 0
fgd-alterra-29/business/thread_likes/usecase.go:25.21,27.3 1 1
fgd-alterra-29/business/thread_likes/usecase.go:29.24,32.17 3 1
fgd-alterra-29/business/thread_likes/usecase.go:35.3,35.22 1 1
fgd-alterra-29/business/thread_likes/usecase.go:32.17,34.4 1 1
fgd-alterra-29/business/thread_likes/usecase.go:38.40,41.17 3 1
fgd-alterra-29/business/thread_likes/usecase.go:44.3,44.22 1 1
fgd-alterra-29/business/thread_likes/usecase.go:41.17,43.4 1 1
fgd-alterra-29/business/thread_likes/usecase.go:47.39,50.17 3 1
fgd-alterra-29/business/thread_likes/usecase.go:53.3,53.22 1 1
fgd-alterra-29/business/thread_likes/usecase.go:50.17,52.4 1 1
fgd-alterra-29/business/thread_report/usecase.go:13.77,18.2 1 1
fgd-alterra-29/business/thread_report/usecase.go:20.122,22.16 2 1
fgd-alterra-29/business/thread_report/usecase.go:26.2,26.20 1 1
fgd-alterra-29/business/thread_report/usecase.go:22.16,24.3 1 1
fgd-alterra-29/business/thread_report/usecase.go:29.91,31.16 2 1
fgd-alterra-29/business/thread_report/usecase.go:35.2,35.20 1 1
fgd-alterra-29/business/thread_report/usecase.go:31.16,33.3 1 1
fgd-alterra-29/business/thread_report/usecase.go:38.114,40.16 2 1
fgd-alterra-29/business/thread_report/usecase.go:44.2,44.20 1 1
fgd-alterra-29/business/thread_report/usecase.go:40.16,42.3 1 1
fgd-alterra-29/business/thread_report/usecase.go:47.87,49.16 2 1
fgd-alterra-29/business/thread_report/usecase.go:53.2,53.20 1 1
fgd-alterra-29/business/thread_report/usecase.go:49.16,51.3 1 1
fgd-alterra-29/business/thread_report/usecase.go:56.96,58.16 2 1
fgd-alterra-29/business/thread_report/usecase.go:62.2,62.20 1 1
fgd-alterra-29/business/thread_report/usecase.go:58.16,60.3 1 1
fgd-alterra-29/business/thread_saves/usecase.go:13.75,18.2 1 1
fgd-alterra-29/business/thread_saves/usecase.go:20.111,22.19 2 1
fgd-alterra-29/business/thread_saves/usecase.go:26.2,26.24 1 1
fgd-alterra-29/business/thread_saves/usecase.go:34.2,34.40 1 1
fgd-alterra-29/business/thread_saves/usecase.go:42.2,42.39 1 1
fgd-alterra-29/business/thread_saves/usecase.go:50.2,50.22 1 0
fgd-alterra-29/business/thread_saves/usecase.go:22.19,24.3 1 1
fgd-alterra-29/business/thread_saves/usecase.go:26.24,28.17 2 1
fgd-alterra-29/business/thread_saves/usecase.go:31.3,31.22 1 1
fgd-alterra-29/business/thread_saves/usecase.go:28.17,30.4 1 1
fgd-alterra-29/business/thread_saves/usecase.go:34.40,36.17 2 1
fgd-alterra-29/business/thread_saves/usecase.go:39.3,39.22 1 1
fgd-alterra-29/business/thread_saves/usecase.go:36.17,38.4 1 1
fgd-alterra-29/business/thread_saves/usecase.go:42.39,44.17 2 1
fgd-alterra-29/business/thread_saves/usecase.go:47.3,47.22 1 1
fgd-alterra-29/business/thread_saves/usecase.go:44.17,46.4 1 1
fgd-alterra-29/business/thread_shares/usecase.go:13.76,18.2 1 1
fgd-alterra-29/business/thread_shares/usecase.go:20.113,22.16 2 1
fgd-alterra-29/business/thread_shares/usecase.go:26.2,26.20 1 1
fgd-alterra-29/business/thread_shares/usecase.go:22.16,24.3 1 1
fgd-alterra-29/business/threads/usecase.go:17.118,24.2 1 1
fgd-alterra-29/business/threads/usecase.go:26.107,28.16 2 1
fgd-alterra-29/business/threads/usecase.go:32.2,32.20 1 1
fgd-alterra-29/business/threads/usecase.go:28.16,30.3 1 1
fgd-alterra-29/business/threads/usecase.go:35.91,37.16 2 1
fgd-alterra-29/business/threads/usecase.go:41.2,41.20 1 1
fgd-alterra-29/business/threads/usecase.go:37.16,39.3 1 1
fgd-alterra-29/business/threads/usecase.go:44.81,46.16 2 1
fgd-alterra-29/business/threads/usecase.go:50.2,50.20 1 1
fgd-alterra-29/business/threads/usecase.go:46.16,48.3 1 1
fgd-alterra-29/business/threads/usecase.go:53.99,55.16 2 1
fgd-alterra-29/business/threads/usecase.go:59.2,60.16 2 1
fgd-alterra-29/business/threads/usecase.go:64.2,65.17 2 1
fgd-alterra-29/business/threads/usecase.go:69.2,70.17 2 1
fgd-alterra-29/business/threads/usecase.go:73.2,73.31 1 1
fgd-alterra-29/business/threads/usecase.go:81.2,81.20 1 0
fgd-alterra-29/business/threads/usecase.go:55.16,57.3 1 1
fgd-alterra-29/business/threads/usecase.go:60.16,62.3 1 0
fgd-alterra-29/business/threads/usecase.go:65.17,67.3 1 0
fgd-alterra-29/business/threads/usecase.go:70.17,72.3 1 0
fgd-alterra-29/business/threads/usecase.go:73.31,75.18 2 1
fgd-alterra-29/business/threads/usecase.go:78.3,78.21 1 1
fgd-alterra-29/business/threads/usecase.go:75.18,77.4 1 0
fgd-alterra-29/business/threads/usecase.go:84.92,86.16 2 1
fgd-alterra-29/business/threads/usecase.go:90.2,90.20 1 1
fgd-alterra-29/business/threads/usecase.go:86.16,88.3 1 1
fgd-alterra-29/business/threads/usecase.go:93.76,95.16 2 1
fgd-alterra-29/business/threads/usecase.go:99.2,99.20 1 1
fgd-alterra-29/business/threads/usecase.go:95.16,97.3 1 1
fgd-alterra-29/business/threads/usecase.go:102.98,104.16 2 1
fgd-alterra-29/business/threads/usecase.go:108.2,108.20 1 1
fgd-alterra-29/business/threads/usecase.go:104.16,106.3 1 1
fgd-alterra-29/business/threads/usecase.go:111.85,113.16 2 1
fgd-alterra-29/business/threads/usecase.go:117.2,117.20 1 1
fgd-alterra-29/business/threads/usecase.go:113.16,115.3 1 1
fgd-alterra-29/business/threads/usecase.go:120.84,122.16 2 1
fgd-alterra-29/business/threads/usecase.go:126.2,126.20 1 1
fgd-alterra-29/business/threads/usecase.go:122.16,124.3 1 1
fgd-alterra-29/business/threads/usecase.go:129.86,131.16 2 1
fgd-alterra-29/business/threads/usecase.go:135.2,135.20 1 1
fgd-alterra-29/business/threads/usecase.go:131.16,133.3 1 1
fgd-alterra-29/business/threads/usecase.go:138.79,140.16 2 1
fgd-alterra-29/business/threads/usecase.go:144.2,144.20 1 1
fgd-alterra-29/business/threads/usecase.go:140.16,142.3 1 1
fgd-alterra-29/business/threads/usecase.go:147.94,149.16 2 1
fgd-alterra-29/business/threads/usecase.go:153.2,153.20 1 1
fgd-alterra-29/business/threads/usecase.go:149.16,151.3 1 1
fgd-alterra-29/business/threads/usecase.go:156.96,158.16 2 1
fgd-alterra-29/business/threads/usecase.go:162.2,162.20 1 1
fgd-alterra-29/business/threads/usecase.go:158.16,160.3 1 1
fgd-alterra-29/business/threads/usecase.go:165.84,167.16 2 1
fgd-alterra-29/business/threads/usecase.go:171.2,171.20 1 1
fgd-alterra-29/business/threads/usecase.go:167.16,169.3 1 1
fgd-alterra-29/business/user_badges/usecase.go:13.74,18.2 1 1
fgd-alterra-29/business/user_badges/usecase.go:20.89,22.16 2 1
fgd-alterra-29/business/user_badges/usecase.go:26.2,26.23 1 1
fgd-alterra-29/business/user_badges/usecase.go:22.16,24.3 1 1
fgd-alterra-29/business/user_points/usecase.go:13.74,18.2 1 1
fgd-alterra-29/business/user_points/usecase.go:20.99,22.16 2 1
fgd-alterra-29/business/user_points/usecase.go:26.2,26.18 1 1
fgd-alterra-29/business/user_points/usecase.go:22.16,24.3 1 1
fgd-alterra-29/business/user_points/usecase.go:29.97,31.16 2 1
fgd-alterra-29/business/user_points/usecase.go:35.2,35.18 1 1
fgd-alterra-29/business/user_points/usecase.go:31.16,33.3 1 1
fgd-alterra-29/business/user_points/usecase.go:38.117,40.16 2 1
fgd-alterra-29/business/user_points/usecase.go:44.2,44.18 1 1
fgd-alterra-29/business/user_points/usecase.go:40.16,42.3 1 1
fgd-alterra-29/business/users/usecase.go:17.102,23.2 1 1
fgd-alterra-29/business/users/usecase.go:25.95,26.23 1 1
fgd-alterra-29/business/users/usecase.go:29.2,29.24 1 1
fgd-alterra-29/business/users/usecase.go:32.2,32.27 1 1
fgd-alterra-29/business/users/usecase.go:36.2,37.25 2 1
fgd-alterra-29/business/users/usecase.go:41.2,42.25 2 1
fgd-alterra-29/business/users/usecase.go:46.2,46.30 1 1
fgd-alterra-29/business/users/usecase.go:76.2,76.29 1 1
fgd-alterra-29/business/users/usecase.go:79.2,79.29 1 1
fgd-alterra-29/business/users/usecase.go:26.23,28.3 1 1
fgd-alterra-29/business/users/usecase.go:29.24,31.3 1 1
fgd-alterra-29/business/users/usecase.go:32.27,34.3 1 1
fgd-alterra-29/business/users/usecase.go:37.25,39.3 1 1
fgd-alterra-29/business/users/usecase.go:42.25,44.3 1 1
fgd-alterra-29/business/users/usecase.go:46.30,50.21 3 1
fgd-alterra-29/business/users/usecase.go:54.3,55.17 2 1
fgd-alterra-29/business/users/usecase.go:59.3,62.19 3 0
fgd-alterra-29/business/users/usecase.go:68.3,70.18 3 0
fgd-alterra-29/business/users/usecase.go:74.3,74.19 1 0
fgd-alterra-29/business/users/usecase.go:50.21,52.4 1 0
fgd-alterra-29/business/users/usecase.go:55.17,57.4 1 1
fgd-alterra-29/business/users/usecase.go:62.19,64.4 1 0
fgd-alterra-29/business/users/usecase.go:64.9,66.4 1 0
fgd-alterra-29/business/users/usecase.go:70.18,72.4 1 0
fgd-alterra-29/business/users/usecase.go:76.29,78.3 1 1
fgd-alterra-29/business/users/usecase.go:79.29,81.3 1 1
fgd-alterra-29/business/users/usecase.go:81.8,83.3 1 1
fgd-alterra-29/business/users/usecase.go:87.92,88.24 1 1
fgd-alterra-29/business/users/usecase.go:91.2,91.27 1 1
fgd-alterra-29/business/users/usecase.go:95.2,96.16 2 1
fgd-alterra-29/business/users/usecase.go:100.2,103.18 3 1
fgd-alterra-29/business/users/usecase.go:109.2,109.61 1 1
fgd-alterra-29/business/users/usecase.go:113.2,115.17 3 0
fgd-alterra-29/business/users/usecase.go:119.2,119.18 1 0
fgd-alterra-29/business/users/usecase.go:88.24,90.3 1 1
fgd-alterra-29/business/users/usecase.go:91.27,93.3 1 1
fgd-alterra-29/business/users/usecase.go:96.16,98.3 1 1
fgd-alterra-29/business/users/usecase.go:103.18,105.3 1 1
fgd-alterra-29/business/users/usecase.go:105.8,107.3 1 1
fgd-alterra-29/business/users/usecase.go:109.61,111.3 1 1
fgd-alterra-29/business/users/usecase.go:115.17,117.3 1 0
fgd-alterra-29/business/users/usecase.go:122.82,124.16 2 1
fgd-alterra-29/business/users/usecase.go:128.2,128.18 1 1
fgd-alterra-29/business/users/usecase.go:124.16,126.3 1 1
fgd-alterra-29/business/users/usecase.go:131.101,133.16 2 1
fgd-alterra-29/business/users/usecase.go:137.2,137.18 1 1
fgd-alterra-29/business/users/usecase.go:133.16,135.3 1 1
fgd-alterra-29/business/users/usecase.go:140.90,142.16 2 1
fgd-alterra-29/business/users/usecase.go:146.2,146.18 1 1
fgd-alterra-29/business/users/usecase.go:142.16,144.3 1 1
fgd-alterra-29/business/users/usecase.go:149.78,151.16 2 1
fgd-alterra-29/business/users/usecase.go:155.2,155.18 1 1
fgd-alterra-29/business/users/usecase.go:151.16,153.3 1 1
fgd-alterra-29/business/users/usecase.go:158.87,160.16 2 1
fgd-alterra-29/business/users/usecase.go:164.2,164.18 1 1
fgd-alterra-29/business/users/usecase.go:160.16,162.3 1 1
fgd-alterra-29/business/users/usecase.go:167.98,169.16 2 1
fgd-alterra-29/business/users/usecase.go:173.2,173.19 1 1
fgd-alterra-29/business/users/usecase.go:169.16,171.3 1 1
fgd-alterra-29/business/users/usecase.go:176.90,179.30 2 1
fgd-alterra-29/business/users/usecase.go:187.2,187.30 1 1
fgd-alterra-29/business/users/usecase.go:194.2,194.22 1 1
fgd-alterra-29/business/users/usecase.go:179.30,181.17 2 1
fgd-alterra-29/business/users/usecase.go:184.3,184.22 1 1
fgd-alterra-29/business/users/usecase.go:181.17,183.4 1 1
fgd-alterra-29/business/users/usecase.go:187.30,189.17 2 1
fgd-alterra-29/business/users/usecase.go:192.3,192.22 1 1
fgd-alterra-29/business/users/usecase.go:189.17,191.4 1 1
