mode: set
fgd-alterra-29/business/badges/usecase.go:13.70,18.2 1 1
fgd-alterra-29/business/badges/usecase.go:20.98,22.16 2 1
fgd-alterra-29/business/badges/usecase.go:26.2,26.19 1 1
fgd-alterra-29/business/badges/usecase.go:22.16,24.3 1 1
fgd-alterra-29/business/badges/usecase.go:29.99,31.16 2 1
fgd-alterra-29/business/badges/usecase.go:35.2,35.19 1 1
fgd-alterra-29/business/badges/usecase.go:31.16,33.3 1 1
fgd-alterra-29/business/categories/usecase.go:13.73,18.2 1 1
fgd-alterra-29/business/categories/usecase.go:20.91,22.16 2 1
fgd-alterra-29/business/categories/usecase.go:26.2,26.20 1 1
fgd-alterra-29/business/categories/usecase.go:22.16,24.3 1 1
fgd-alterra-29/business/categories/usecase.go:29.99,31.16 2 1
fgd-alterra-29/business/categories/usecase.go:35.2,35.20 1 1
fgd-alterra-29/business/categories/usecase.go:31.16,33.3 1 1
fgd-alterra-29/business/categories/usecase.go:38.107,40.16 2 1
fgd-alterra-29/business/categories/usecase.go:44.2,44.20 1 1
fgd-alterra-29/business/categories/usecase.go:40.16,42.3 1 1
fgd-alterra-29/business/comment_likes/usecase.go:13.76,18.2 1 1
fgd-alterra-29/business/comment_likes/usecase.go:20.106,22.21 2 1
fgd-alterra-29/business/comment_likes/usecase.go:26.2,26.25 1 1
fgd-alterra-29/business/comment_likes/usecase.go:34.2,34.41 1 1
fgd-alterra-29/business/comment_likes/usecase.go:42.2,42.40 1 1
fgd-alterra-29/business/comment_likes/usecase.go:50.2,50.22 1 0
fgd-alterra-29/business/comment_likes/usecase.go:22.21,24.3 1 1
fgd-alterra-29/business/comment_likes/usecase.go:26.25,28.17 2 1
fgd-alterra-29/business/comment_likes/usecase.go:31.3,31.23 1 1
fgd-alterra-29/business/comment_likes/usecase.go:28.17,30.4 1 1
fgd-alterra-29/business/comment_likes/usecase.go:34.41,36.17 2 1
fgd-alterra-29/business/comment_likes/usecase.go:39.3,39.23 1 1
fgd-alterra-29/business/comment_likes/usecase.go:36.17,38.4 1 1
fgd-alterra-29/business/comment_likes/usecase.go:42.40,44.17 2 1
fgd-alterra-29/business/comment_likes/usecase.go:47.3,47.23 1 1
fgd-alterra-29/business/comment_likes/usecase.go:44.17,46.4 1 1
fgd-alterra-29/business/comment_report/usecase.go:13.78,18.2 1 1
fgd-alterra-29/business/comment_report/usecase.go:20.123,22.16 2 1
fgd-alterra-29/business/comment_report/usecase.go:26.2,26.20 1 1
fgd-alterra-29/business/comment_report/usecase.go:22.16,24.3 1 1
fgd-alterra-29/business/comment_report/usecase.go:29.93,31.16 2 1
fgd-alterra-29/business/comment_report/usecase.go:35.2,35.20 1 1
fgd-alterra-29/business/comment_report/usecase.go:31.16,33.3 1 1
fgd-alterra-29/business/comment_report/usecase.go:38.105,40.16 2 1
fgd-alterra-29/business/comment_report/usecase.go:44.2,44.20 1 1
fgd-alterra-29/business/comment_report/usecase.go:40.16,42.3 1 1
fgd-alterra-29/business/comment_report/usecase.go:47.88,49.16 2 1
fgd-alterra-29/business/comment_report/usecase.go:53.2,53.20 1 1
fgd-alterra-29/business/comment_report/usecase.go:49.16,51.3 1 1
fgd-alterra-29/business/comment_report/usecase.go:56.98,58.16 2 1
fgd-alterra-29/business/comment_report/usecase.go:62.2,62.20 1 1
fgd-alterra-29/business/comment_report/usecase.go:58.16,60.3 1 1
fgd-alterra-29/business/comments/usecase.go:13.72,18.2 1 1
fgd-alterra-29/business/comments/usecase.go:20.110,22.16 2 1
fgd-alterra-29/business/comments/usecase.go:27.2,27.18 1 1
fgd-alterra-29/business/comments/usecase.go:22.16,25.3 1 1
fgd-alterra-29/business/comments/usecase.go:30.121,32.16 2 1
fgd-alterra-29/business/comments/usecase.go:36.2,36.22 1 1
fgd-alterra-29/business/comments/usecase.go:32.16,34.3 1 1
fgd-alterra-29/business/comments/usecase.go:39.104,41.16 2 1
fgd-alterra-29/business/comments/usecase.go:45.2,45.22 1 1
fgd-alterra-29/business/comments/usecase.go:41.16,43.3 1 1
fgd-alterra-29/business/comments/usecase.go:48.102,50.16 2 1
fgd-alterra-29/business/comments/usecase.go:53.2,53.18 1 1
fgd-alterra-29/business/comments/usecase.go:50.16,52.3 1 1
fgd-alterra-29/business/comments/usecase.go:56.90,58.16 2 1
fgd-alterra-29/business/comments/usecase.go:61.2,61.18 1 1
fgd-alterra-29/business/comments/usecase.go:58.16,60.3 1 1
fgd-alterra-29/business/comments/usecase.go:64.111,66.16 2 1
fgd-alterra-29/business/comments/usecase.go:70.2,70.22 1 1
fgd-alterra-29/business/comments/usecase.go:66.16,68.3 1 1
fgd-alterra-29/business/comments/usecase.go:73.85,75.16 2 1
fgd-alterra-29/business/comments/usecase.go:79.2,79.18 1 1
fgd-alterra-29/business/comments/usecase.go:75.16,77.3 1 1
fgd-alterra-29/business/comments/usecase.go:82.99,84.16 2 1
fgd-alterra-29/business/comments/usecase.go:88.2,88.18 1 1
fgd-alterra-29/business/comments/usecase.go:84.16,86.3 1 1
fgd-alterra-29/business/comments/usecase.go:91.97,93.16 2 1
fgd-alterra-29/business/comments/usecase.go:97.2,97.18 1 1
fgd-alterra-29/business/comments/usecase.go:93.16,95.3 1 1
fgd-alterra-29/business/follows/usecase.go:14.68,19.2 1 1
fgd-alterra-29/business/follows/usecase.go:21.104,24.16 2 1
fgd-alterra-29/business/follows/usecase.go:28.2,28.23 1 1
fgd-alterra-29/business/follows/usecase.go:24.16,26.3 1 1
fgd-alterra-29/business/follows/usecase.go:31.104,34.16 2 1
fgd-alterra-29/business/follows/usecase.go:38.2,38.23 1 1
fgd-alterra-29/business/follows/usecase.go:34.16,36.3 1 1
fgd-alterra-29/business/follows/usecase.go:41.107,43.42 1 1
fgd-alterra-29/business/follows/usecase.go:47.2,48.21 2 1
fgd-alterra-29/business/follows/usecase.go:52.2,52.24 1 1
fgd-alterra-29/business/follows/usecase.go:60.2,60.40 1 1
fgd-alterra-29/business/follows/usecase.go:68.2,68.39 1 1
fgd-alterra-29/business/follows/usecase.go:76.2,76.22 1 0
fgd-alterra-29/business/follows/usecase.go:43.42,45.3 1 1
fgd-alterra-29/business/follows/usecase.go:48.21,50.3 1 1
fgd-alterra-29/business/follows/usecase.go:52.24,54.17 2 1
fgd-alterra-29/business/follows/usecase.go:57.3,57.21 1 1
fgd-alterra-29/business/follows/usecase.go:54.17,56.4 1 1
fgd-alterra-29/business/follows/usecase.go:60.40,62.17 2 1
fgd-alterra-29/business/follows/usecase.go:65.3,65.21 1 1
fgd-alterra-29/business/follows/usecase.go:62.17,64.4 1 1
fgd-alterra-29/business/follows/usecase.go:68.39,70.17 2 1
fgd-alterra-29/business/follows/usecase.go:73.3,73.21 1 1
fgd-alterra-29/business/follows/usecase.go:70.17,72.4 1 1
fgd-alterra-29/business/report_cases/usecase.go:13.75,18.2 1 1
fgd-alterra-29/business/report_cases/usecase.go:20.83,22.16 2 1
fgd-alterra-29/business/report_cases/usecase.go:26.2,26.29 1 1
fgd-alterra-29/business/report_cases/usecase.go:22.16,24.3 1 1
fgd-alterra-29/business/report_cases/usecase.go:29.103,31.16 2 1
fgd-alterra-29/business/report_cases/usecase.go:35.2,35.29 1 1
fgd-alterra-29/business/report_cases/usecase.go:31.16,33.3 1 1
fgd-alterra-29/business/reputations/usecase.go:13.75,18.2 1 1
fgd-alterra-29/business/reputations/usecase.go:20.109,23.16 2 1
fgd-alterra-29/business/reputations/usecase.go:27.2,27.24 1 1
fgd-alterra-29/business/reputations/usecase.go:23.16,25.3 1 1
fgd-alterra-29/business/thread_likes/usecase.go:13.75,18.2 1 1
fgd-alterra-29/business/thread_likes/usecase.go:20.105,22.21 2 1
fgd-alterra-29/business/thread_likes/usecase.go:26.2,26.24 1 1
fgd-alterra-29/business/thread_likes/usecase.go:34.2,34.40 1 1
fgd-alterra-29/business/thread_likes/usecase.go:42.2,42.39 1 1
fgd-alterra-29/business/thread_likes/usecase.go:50.2,50.22 1 0
fgd-alterra-29/business/thread_likes/usecase.go:22.21,24.3 1 1
fgd-alterra-29/business/thread_likes/usecase.go:26.24,28.17 2 1
fgd-alterra-29/business/thread_likes/usecase.go:31.3,31.22 1 1
fgd-alterra-29/business/thread_likes/usecase.go:28.17,30.4 1 1
fgd-alterra-29/business/thread_likes/usecase.go:34.40,36.17 2 1
fgd-alterra-29/business/thread_likes/usecase.go:39.3,39.22 1 1
fgd-alterra-29/business/thread_likes/usecase.go:36.17,38.4 1 1
fgd-alterra-29/business/thread_likes/usecase.go:42.39,44.17 2 1
fgd-alterra-29/business/thread_likes/usecase.go:47.3,47.22 1 1
fgd-alterra-29/business/thread_likes/usecase.go:44.17,46.4 1 1
fgd-alterra-29/business/thread_report/usecase.go:13.77,18.2 1 1
fgd-alterra-29/business/thread_report/usecase.go:20.122,22.16 2 1
fgd-alterra-29/business/thread_report/usecase.go:26.2,26.20 1 1
fgd-alterra-29/business/thread_report/usecase.go:22.16,24.3 1 1
fgd-alterra-29/business/thread_report/usecase.go:29.91,31.16 2 1
fgd-alterra-29/business/thread_report/usecase.go:35.2,35.20 1 1
fgd-alterra-29/business/thread_report/usecase.go:31.16,33.3 1 1
fgd-alterra-29/business/thread_report/usecase.go:38.114,40.16 2 1
fgd-alterra-29/business/thread_report/usecase.go:44.2,44.20 1 1
fgd-alterra-29/business/thread_report/usecase.go:40.16,42.3 1 1
fgd-alterra-29/business/thread_report/usecase.go:47.87,49.16 2 1
fgd-alterra-29/business/thread_report/usecase.go:53.2,53.20 1 1
fgd-alterra-29/business/thread_report/usecase.go:49.16,51.3 1 1
fgd-alterra-29/business/thread_report/usecase.go:56.96,58.16 2 1
fgd-alterra-29/business/thread_report/usecase.go:62.2,62.20 1 1
fgd-alterra-29/business/thread_report/usecase.go:58.16,60.3 1 1
fgd-alterra-29/business/thread_saves/usecase.go:13.75,18.2 1 1
fgd-alterra-29/business/thread_saves/usecase.go:20.111,22.19 2 1
fgd-alterra-29/business/thread_saves/usecase.go:26.2,26.24 1 1
fgd-alterra-29/business/thread_saves/usecase.go:34.2,34.40 1 1
fgd-alterra-29/business/thread_saves/usecase.go:42.2,42.39 1 1
fgd-alterra-29/business/thread_saves/usecase.go:50.2,50.22 1 0
fgd-alterra-29/business/thread_saves/usecase.go:22.19,24.3 1 1
fgd-alterra-29/business/thread_saves/usecase.go:26.24,28.17 2 1
fgd-alterra-29/business/thread_saves/usecase.go:31.3,31.22 1 1
fgd-alterra-29/business/thread_saves/usecase.go:28.17,30.4 1 1
fgd-alterra-29/business/thread_saves/usecase.go:34.40,36.17 2 1
fgd-alterra-29/business/thread_saves/usecase.go:39.3,39.22 1 1
fgd-alterra-29/business/thread_saves/usecase.go:36.17,38.4 1 1
fgd-alterra-29/business/thread_saves/usecase.go:42.39,44.17 2 1
fgd-alterra-29/business/thread_saves/usecase.go:47.3,47.22 1 1
fgd-alterra-29/business/thread_saves/usecase.go:44.17,46.4 1 1
fgd-alterra-29/business/thread_shares/usecase.go:13.76,18.2 1 1
fgd-alterra-29/business/thread_shares/usecase.go:20.113,22.16 2 1
fgd-alterra-29/business/thread_shares/usecase.go:26.2,26.20 1 1
fgd-alterra-29/business/thread_shares/usecase.go:22.16,24.3 1 1
fgd-alterra-29/business/threads/usecase.go:15.97,21.2 1 1
fgd-alterra-29/business/threads/usecase.go:23.107,25.16 2 1
fgd-alterra-29/business/threads/usecase.go:29.2,29.20 1 1
fgd-alterra-29/business/threads/usecase.go:25.16,27.3 1 1
fgd-alterra-29/business/threads/usecase.go:32.91,34.16 2 1
fgd-alterra-29/business/threads/usecase.go:38.2,38.20 1 1
fgd-alterra-29/business/threads/usecase.go:34.16,36.3 1 1
fgd-alterra-29/business/threads/usecase.go:41.81,43.16 2 1
fgd-alterra-29/business/threads/usecase.go:47.2,47.20 1 1
fgd-alterra-29/business/threads/usecase.go:43.16,45.3 1 1
fgd-alterra-29/business/threads/usecase.go:50.99,52.16 2 0
fgd-alterra-29/business/threads/usecase.go:56.2,57.17 2 0
fgd-alterra-29/business/threads/usecase.go:61.2,61.20 1 0
fgd-alterra-29/business/threads/usecase.go:52.16,54.3 1 0
fgd-alterra-29/business/threads/usecase.go:57.17,59.3 1 0
fgd-alterra-29/business/threads/usecase.go:64.92,66.16 2 1
fgd-alterra-29/business/threads/usecase.go:70.2,70.20 1 1
fgd-alterra-29/business/threads/usecase.go:66.16,68.3 1 1
fgd-alterra-29/business/threads/usecase.go:73.76,75.16 2 1
fgd-alterra-29/business/threads/usecase.go:79.2,79.20 1 1
fgd-alterra-29/business/threads/usecase.go:75.16,77.3 1 1
fgd-alterra-29/business/threads/usecase.go:82.98,84.16 2 1
fgd-alterra-29/business/threads/usecase.go:88.2,88.20 1 1
fgd-alterra-29/business/threads/usecase.go:84.16,86.3 1 1
fgd-alterra-29/business/threads/usecase.go:91.85,93.16 2 1
fgd-alterra-29/business/threads/usecase.go:97.2,97.20 1 1
fgd-alterra-29/business/threads/usecase.go:93.16,95.3 1 1
fgd-alterra-29/business/threads/usecase.go:100.84,102.16 2 1
fgd-alterra-29/business/threads/usecase.go:106.2,106.20 1 1
fgd-alterra-29/business/threads/usecase.go:102.16,104.3 1 1
fgd-alterra-29/business/threads/usecase.go:109.86,111.16 2 1
fgd-alterra-29/business/threads/usecase.go:115.2,115.20 1 1
fgd-alterra-29/business/threads/usecase.go:111.16,113.3 1 1
fgd-alterra-29/business/threads/usecase.go:118.79,120.16 2 1
fgd-alterra-29/business/threads/usecase.go:124.2,124.20 1 1
fgd-alterra-29/business/threads/usecase.go:120.16,122.3 1 1
fgd-alterra-29/business/threads/usecase.go:127.94,129.16 2 1
fgd-alterra-29/business/threads/usecase.go:133.2,133.20 1 1
fgd-alterra-29/business/threads/usecase.go:129.16,131.3 1 1
fgd-alterra-29/business/threads/usecase.go:136.96,138.16 2 1
fgd-alterra-29/business/threads/usecase.go:142.2,142.20 1 1
fgd-alterra-29/business/threads/usecase.go:138.16,140.3 1 1
fgd-alterra-29/business/threads/usecase.go:145.84,147.16 2 1
fgd-alterra-29/business/threads/usecase.go:151.2,151.20 1 1
fgd-alterra-29/business/threads/usecase.go:147.16,149.3 1 1
fgd-alterra-29/business/user_badges/usecase.go:13.74,18.2 1 1
fgd-alterra-29/business/user_badges/usecase.go:20.89,22.16 2 1
fgd-alterra-29/business/user_badges/usecase.go:26.2,26.23 1 1
fgd-alterra-29/business/user_badges/usecase.go:22.16,24.3 1 1
fgd-alterra-29/business/user_points/usecase.go:13.74,18.2 1 1
fgd-alterra-29/business/user_points/usecase.go:20.99,22.16 2 1
fgd-alterra-29/business/user_points/usecase.go:26.2,26.18 1 1
fgd-alterra-29/business/user_points/usecase.go:22.16,24.3 1 1
fgd-alterra-29/business/user_points/usecase.go:29.97,31.16 2 1
fgd-alterra-29/business/user_points/usecase.go:35.2,35.18 1 1
fgd-alterra-29/business/user_points/usecase.go:31.16,33.3 1 1
fgd-alterra-29/business/users/usecase.go:17.102,23.2 1 1
fgd-alterra-29/business/users/usecase.go:25.95,26.23 1 1
fgd-alterra-29/business/users/usecase.go:29.2,29.24 1 1
fgd-alterra-29/business/users/usecase.go:32.2,32.27 1 1
fgd-alterra-29/business/users/usecase.go:36.2,37.25 2 1
fgd-alterra-29/business/users/usecase.go:41.2,42.25 2 1
fgd-alterra-29/business/users/usecase.go:46.2,46.30 1 1
fgd-alterra-29/business/users/usecase.go:76.2,76.29 1 1
fgd-alterra-29/business/users/usecase.go:79.2,79.29 1 1
fgd-alterra-29/business/users/usecase.go:26.23,28.3 1 1
fgd-alterra-29/business/users/usecase.go:29.24,31.3 1 1
fgd-alterra-29/business/users/usecase.go:32.27,34.3 1 1
fgd-alterra-29/business/users/usecase.go:37.25,39.3 1 1
fgd-alterra-29/business/users/usecase.go:42.25,44.3 1 1
fgd-alterra-29/business/users/usecase.go:46.30,50.21 3 1
fgd-alterra-29/business/users/usecase.go:54.3,55.17 2 1
fgd-alterra-29/business/users/usecase.go:59.3,62.19 3 0
fgd-alterra-29/business/users/usecase.go:68.3,70.18 3 0
fgd-alterra-29/business/users/usecase.go:74.3,74.19 1 0
fgd-alterra-29/business/users/usecase.go:50.21,52.4 1 0
fgd-alterra-29/business/users/usecase.go:55.17,57.4 1 1
fgd-alterra-29/business/users/usecase.go:62.19,64.4 1 0
fgd-alterra-29/business/users/usecase.go:64.9,66.4 1 0
fgd-alterra-29/business/users/usecase.go:70.18,72.4 1 0
fgd-alterra-29/business/users/usecase.go:76.29,78.3 1 1
fgd-alterra-29/business/users/usecase.go:79.29,81.3 1 1
fgd-alterra-29/business/users/usecase.go:81.8,83.3 1 1
fgd-alterra-29/business/users/usecase.go:87.92,88.24 1 1
fgd-alterra-29/business/users/usecase.go:91.2,91.27 1 1
fgd-alterra-29/business/users/usecase.go:95.2,96.16 2 1
fgd-alterra-29/business/users/usecase.go:100.2,103.18 3 1
fgd-alterra-29/business/users/usecase.go:109.2,109.61 1 1
fgd-alterra-29/business/users/usecase.go:113.2,115.17 3 0
fgd-alterra-29/business/users/usecase.go:119.2,119.18 1 0
fgd-alterra-29/business/users/usecase.go:88.24,90.3 1 1
fgd-alterra-29/business/users/usecase.go:91.27,93.3 1 1
fgd-alterra-29/business/users/usecase.go:96.16,98.3 1 1
fgd-alterra-29/business/users/usecase.go:103.18,105.3 1 1
fgd-alterra-29/business/users/usecase.go:105.8,107.3 1 1
fgd-alterra-29/business/users/usecase.go:109.61,111.3 1 1
fgd-alterra-29/business/users/usecase.go:115.17,117.3 1 0
fgd-alterra-29/business/users/usecase.go:122.82,124.16 2 1
fgd-alterra-29/business/users/usecase.go:128.2,128.18 1 1
fgd-alterra-29/business/users/usecase.go:124.16,126.3 1 1
fgd-alterra-29/business/users/usecase.go:131.101,133.16 2 1
fgd-alterra-29/business/users/usecase.go:137.2,137.18 1 1
fgd-alterra-29/business/users/usecase.go:133.16,135.3 1 1
fgd-alterra-29/business/users/usecase.go:140.90,142.16 2 1
fgd-alterra-29/business/users/usecase.go:146.2,146.18 1 1
fgd-alterra-29/business/users/usecase.go:142.16,144.3 1 1
fgd-alterra-29/business/users/usecase.go:149.78,151.16 2 1
fgd-alterra-29/business/users/usecase.go:155.2,155.18 1 1
fgd-alterra-29/business/users/usecase.go:151.16,153.3 1 1
fgd-alterra-29/business/users/usecase.go:158.87,160.16 2 1
fgd-alterra-29/business/users/usecase.go:164.2,164.18 1 1
fgd-alterra-29/business/users/usecase.go:160.16,162.3 1 1
fgd-alterra-29/business/users/usecase.go:167.98,169.16 2 1
fgd-alterra-29/business/users/usecase.go:173.2,173.19 1 1
fgd-alterra-29/business/users/usecase.go:169.16,171.3 1 1
fgd-alterra-29/business/users/usecase.go:176.90,179.30 2 1
fgd-alterra-29/business/users/usecase.go:187.2,187.30 1 1
fgd-alterra-29/business/users/usecase.go:194.2,194.22 1 1
fgd-alterra-29/business/users/usecase.go:179.30,181.17 2 1
fgd-alterra-29/business/users/usecase.go:184.3,184.22 1 1
fgd-alterra-29/business/users/usecase.go:181.17,183.4 1 1
fgd-alterra-29/business/users/usecase.go:187.30,189.17 2 1
fgd-alterra-29/business/users/usecase.go:192.3,192.22 1 1
fgd-alterra-29/business/users/usecase.go:189.17,191.4 1 1
